<?xml version="1.0" encoding="UTF-8"?>
<!-- Generated by org.testng.reporters.JUnitReportReporter -->
<testsuite hostname="DESKTOP-PJTLFA3" failures="0" tests="3" name="testClasses.LoginPageTest" time="5.335" errors="0" timestamp="2024-04-30T19:54:27 IST" skipped="1">
  <testcase classname="testClasses.LoginPageTest" name="LoginPageTitleTest" time="0.018"/>
  <system-out/>
  <testcase classname="testClasses.LoginPageTest" name="LoginTest" time="5.317"/>
  <system-out/>
  <testcase classname="testClasses.LoginPageTest" name="ForgotPasswordLinkExistsTest">
    <skipped/>
  </testcase> <!-- ForgotPasswordLinkExistsTest -->
  <system-out/>
</testsuite> <!-- testClasses.LoginPageTest -->
