<?xml version="1.0" encoding="UTF-8"?>
<!-- Generated by org.testng.reporters.JUnitReportReporter -->
<testsuite hostname="DESKTOP-PJTLFA3" failures="0" tests="1" name="testClasses.LoginPageTest" time="4.907" errors="0" timestamp="2024-09-15T12:31:57 IST" skipped="0">
  <testcase classname="testClasses.LoginPageTest" name="LoginTest" time="4.907"/>
  <system-out/>
</testsuite> <!-- testClasses.LoginPageTest -->
