<?xml version="1.0" encoding="UTF-8"?>
<!-- Generated by org.testng.reporters.JUnitReportReporter -->
<testsuite hostname="DESKTOP-PJTLFA3" failures="0" tests="3" name="utility.ExcelUtility" time="0.005" errors="0" timestamp="2024-04-17T12:29:53 IST" skipped="0">
  <testcase classname="utility.ExcelUtility" name="test" time="0.000"/>
  <system-out/>
  <testcase classname="utility.ExcelUtility" name="test" time="0.001"/>
  <system-out/>
  <testcase classname="utility.ExcelUtility" name="test" time="0.004"/>
  <system-out/>
</testsuite> <!-- utility.ExcelUtility -->
