<?xml version="1.0" encoding="UTF-8"?>
<!-- Generated by org.testng.reporters.JUnitReportReporter -->
<testsuite hostname="DESKTOP-PJTLFA3" failures="0" tests="3" name="testClasses.LoginPageTest" time="5.492" errors="0" timestamp="2024-05-16T11:58:27 IST" skipped="0">
  <testcase classname="testClasses.LoginPageTest" name="LoginPageTitleTest" time="0.038"/>
  <system-out/>
  <testcase classname="testClasses.LoginPageTest" name="ForgotPasswordLinkExistsTest" time="0.076"/>
  <system-out/>
  <testcase classname="testClasses.LoginPageTest" name="LoginTest" time="5.378"/>
  <system-out/>
</testsuite> <!-- testClasses.LoginPageTest -->
