<?xml version="1.0" encoding="UTF-8"?>
<!-- Generated by org.testng.reporters.JUnitReportReporter -->
<testsuite hostname="DESKTOP-PJTLFA3" failures="0" tests="1" name="testClasses.AccountsPage" time="3.506" errors="0" timestamp="2024-04-26T19:09:57 IST" skipped="0">
  <testcase classname="testClasses.AccountsPage" name="performSearch" time="3.506"/>
  <system-out/>
</testsuite> <!-- testClasses.AccountsPage -->
