<?xml version="1.0" encoding="UTF-8"?>
<!-- Generated by org.testng.reporters.JUnitReportReporter -->
<testsuite hostname="DESKTOP-PJTLFA3" failures="0" tests="5" name="testClasses.AccountsPageTest" time="37.440" errors="0" timestamp="2024-09-01T12:46:50 IST" skipped="0">
  <testcase classname="testClasses.AccountsPageTest" name="performSearch" time="13.870"/>
  <system-out/>
  <testcase classname="testClasses.AccountsPageTest" name="BagsPageTitleTest" time="10.042"/>
  <system-out/>
  <testcase classname="testClasses.AccountsPageTest" name="checkOutPageTest" time="10.112"/>
  <system-out/>
  <testcase classname="testClasses.AccountsPageTest" name="verifyCheckOutButtonTest" time="0.032"/>
  <system-out/>
  <testcase classname="testClasses.AccountsPageTest" name="verifyUserNavigatedToCheckOutPage" time="3.384"/>
  <system-out/>
</testsuite> <!-- testClasses.AccountsPageTest -->
