<?xml version="1.0" encoding="UTF-8"?>
<!-- Generated by org.testng.reporters.JUnitReportReporter -->
<testsuite hostname="DESKTOP-PJTLFA3" failures="0" tests="1" name="testClasses.ProductSearchAndFilterTest" time="5.052" errors="0" timestamp="2024-04-26T17:20:38 IST" skipped="0">
  <testcase classname="testClasses.ProductSearchAndFilterTest" name="performSearch" time="5.052"/>
  <system-out/>
</testsuite> <!-- testClasses.ProductSearchAndFilterTest -->
