<?xml version="1.0" encoding="UTF-8"?>
<!-- Generated by org.testng.reporters.JUnitReportReporter -->
<testsuite hostname="DESKTOP-PJTLFA3" failures="0" tests="5" name="testClasses.AccountsPageTest" time="36.483" errors="0" timestamp="2024-04-30T19:55:37 IST" skipped="0">
  <testcase classname="testClasses.AccountsPageTest" name="performSearch" time="13.710"/>
  <system-out/>
  <testcase classname="testClasses.AccountsPageTest" name="BagsPageTitleTest" time="10.040"/>
  <system-out/>
  <testcase classname="testClasses.AccountsPageTest" name="checkOutPageTest" time="10.067"/>
  <system-out/>
  <testcase classname="testClasses.AccountsPageTest" name="verifyCheckOutButtonTest" time="0.022"/>
  <system-out/>
  <testcase classname="testClasses.AccountsPageTest" name="verifyUserNavigatedToCheckOutPage" time="2.644"/>
  <system-out/>
</testsuite> <!-- testClasses.AccountsPageTest -->
